1589427798097	mozrunner::runner	INFO	Running command: "C:\\Program Files\\Mozilla Firefox\\firefox.exe" "-marionette" "-foreground" "-no-remote" "-profile" "C:\\Users\\jw_wi\\AppData\\Local\\Temp\\rust_mozprofileMCWmm5"
1589427801544	addons.webextension.doh-rollout@mozilla.org	WARN	Loading extension 'doh-rollout@mozilla.org': Reading manifest: Invalid extension permission: networkStatus
1589427803547	addons.webextension.screenshots@mozilla.org	WARN	Loading extension 'screenshots@mozilla.org': Reading manifest: Invalid extension permission: mozillaAddons
1589427803548	addons.webextension.screenshots@mozilla.org	WARN	Loading extension 'screenshots@mozilla.org': Reading manifest: Invalid extension permission: telemetry
1589427803549	addons.webextension.screenshots@mozilla.org	WARN	Loading extension 'screenshots@mozilla.org': Reading manifest: Invalid extension permission: resource://pdf.js/
1589427803550	addons.webextension.screenshots@mozilla.org	WARN	Loading extension 'screenshots@mozilla.org': Reading manifest: Invalid extension permission: about:reader*
JavaScript error: resource://gre/modules/XULStore.jsm, line 66: Error: Can't find profile directory.
1589427812350	Marionette	INFO	Listening on port 52706
1589427812418	Marionette	WARN	TLS certificate errors will be ignored for this session
JavaScript error: https://s.yimg.com/zz/combo?kx/yucs/uh3/uh/1078/js/uh-min.js&kx/yucs/uh3/uh/1078/js/gallery-jsonp-min.js&kx/yucs/uh3/uh/1134/js/menu_utils_v3-min.js&kx/yucs/uh3/uh/1078/js/localeDateFormat-min.js&kx/yucs/uh3/uh/1078/js/timestamp_library_v2-min.js&kx/yucs/uh3/uh/1104/js/logo_debug-min.js&kx/yucs/uh3/switch-theme/6/js/switch_theme-min.js&kx/eol/1/js/meta-min.js&kx/yucs/uh3/disclaimer/388/js/disclaimer_seed-min.js&kx/yucs/uh3/top-bar/321/js/top_bar_v3-min.js&kx/yucs/uh3/top-bar/321/js/persistent-min.js&kx/yucs/uh3/search/598/js/search-min.js&kx/yucs/uh3/help/83/js/help_menu_v3-min.js&kx/yucs/uhc/rapid/50/js/uh_rapid-min.js&kx/yucs/uh2/pixie/9/js/pixie_ssl-min.js, line 1: TypeError: node is null
1589427831340	Marionette	INFO	Stopped listening on port 52706

###!!! [Child][RunMessage] Error: Channel closing: too late to send/recv, messages will be lost


###!!! [Child][MessageChannel::SendAndWait] Error: Channel error: cannot send/recv

1589427911229	mozrunner::runner	INFO	Running command: "C:\\Program Files\\Mozilla Firefox\\firefox.exe" "-marionette" "-foreground" "-no-remote" "-profile" "C:\\Users\\jw_wi\\AppData\\Local\\Temp\\rust_mozprofile8I1T15"
1589427913686	addons.webextension.doh-rollout@mozilla.org	WARN	Loading extension 'doh-rollout@mozilla.org': Reading manifest: Invalid extension permission: networkStatus
1589427915500	addons.webextension.screenshots@mozilla.org	WARN	Loading extension 'screenshots@mozilla.org': Reading manifest: Invalid extension permission: mozillaAddons
1589427915500	addons.webextension.screenshots@mozilla.org	WARN	Loading extension 'screenshots@mozilla.org': Reading manifest: Invalid extension permission: telemetry
1589427915501	addons.webextension.screenshots@mozilla.org	WARN	Loading extension 'screenshots@mozilla.org': Reading manifest: Invalid extension permission: resource://pdf.js/
1589427915501	addons.webextension.screenshots@mozilla.org	WARN	Loading extension 'screenshots@mozilla.org': Reading manifest: Invalid extension permission: about:reader*
JavaScript error: resource://gre/modules/XULStore.jsm, line 66: Error: Can't find profile directory.
1589427921042	Marionette	INFO	Listening on port 52835
1589427921292	Marionette	WARN	TLS certificate errors will be ignored for this session
JavaScript error: https://s.yimg.com/zz/combo?kx/yucs/uh3/uh/1078/js/uh-min.js&kx/yucs/uh3/uh/1078/js/gallery-jsonp-min.js&kx/yucs/uh3/uh/1134/js/menu_utils_v3-min.js&kx/yucs/uh3/uh/1078/js/localeDateFormat-min.js&kx/yucs/uh3/uh/1078/js/timestamp_library_v2-min.js&kx/yucs/uh3/uh/1104/js/logo_debug-min.js&kx/yucs/uh3/switch-theme/6/js/switch_theme-min.js&kx/eol/1/js/meta-min.js&kx/yucs/uh3/disclaimer/388/js/disclaimer_seed-min.js&kx/yucs/uh3/top-bar/321/js/top_bar_v3-min.js&kx/yucs/uh3/top-bar/321/js/persistent-min.js&kx/yucs/uh3/search/598/js/search-min.js&kx/yucs/uh3/help/83/js/help_menu_v3-min.js&kx/yucs/uhc/rapid/50/js/uh_rapid-min.js, line 1: TypeError: node is null
console.warn: LoginRecipes: "getRecipes: falling back to a synchronous message for:" "https://br.answers.yahoo.com"
1589428152595	Marionette	INFO	Stopped listening on port 52835

###!!! [Child][RunMessage] Error: Channel closing: too late to send/recv, messages will be lost

[Parent 8776, Gecko_IOThread] WARNING: pipe error: 232: file /builds/worker/checkouts/gecko/ipc/chromium/src/chrome/common/ipc_channel_win.cc, line 522

###!!! [Child][MessageChannel::SendAndWait] Error: (msgtype=0x5E0005,name=PImageBridge::Msg_WillClose) Channel error: cannot send/recv

1589428185679	mozrunner::runner	INFO	Running command: "C:\\Program Files\\Mozilla Firefox\\firefox.exe" "-marionette" "-foreground" "-no-remote" "-profile" "C:\\Users\\jw_wi\\AppData\\Local\\Temp\\rust_mozprofilegf7sRF"
1589428188024	addons.webextension.doh-rollout@mozilla.org	WARN	Loading extension 'doh-rollout@mozilla.org': Reading manifest: Invalid extension permission: networkStatus
1589428189776	addons.webextension.screenshots@mozilla.org	WARN	Loading extension 'screenshots@mozilla.org': Reading manifest: Invalid extension permission: mozillaAddons
1589428189776	addons.webextension.screenshots@mozilla.org	WARN	Loading extension 'screenshots@mozilla.org': Reading manifest: Invalid extension permission: telemetry
1589428189777	addons.webextension.screenshots@mozilla.org	WARN	Loading extension 'screenshots@mozilla.org': Reading manifest: Invalid extension permission: resource://pdf.js/
1589428189777	addons.webextension.screenshots@mozilla.org	WARN	Loading extension 'screenshots@mozilla.org': Reading manifest: Invalid extension permission: about:reader*
JavaScript error: resource://gre/modules/XULStore.jsm, line 66: Error: Can't find profile directory.
1589428195714	Marionette	INFO	Listening on port 52991
1589428195769	Marionette	WARN	TLS certificate errors will be ignored for this session
JavaScript error: https://s.yimg.com/zz/combo?kx/yucs/uh3/uh/1078/js/uh-min.js&kx/yucs/uh3/uh/1078/js/gallery-jsonp-min.js&kx/yucs/uh3/uh/1134/js/menu_utils_v3-min.js&kx/yucs/uh3/uh/1078/js/localeDateFormat-min.js&kx/yucs/uh3/uh/1078/js/timestamp_library_v2-min.js&kx/yucs/uh3/uh/1104/js/logo_debug-min.js&kx/yucs/uh3/switch-theme/6/js/switch_theme-min.js&kx/eol/1/js/meta-min.js&kx/yucs/uh3/disclaimer/388/js/disclaimer_seed-min.js&kx/yucs/uh3/top-bar/321/js/top_bar_v3-min.js&kx/yucs/uh3/top-bar/321/js/persistent-min.js&kx/yucs/uh3/search/598/js/search-min.js&kx/yucs/uh3/help/83/js/help_menu_v3-min.js&kx/yucs/uhc/rapid/50/js/uh_rapid-min.js, line 1: TypeError: node is null
console.error: (new TypeError("currentNode is null", "resource://devtools/client/inspector/shared/style-change-tracker.js", 66))
TypeError: currentNode is null: canMutationImpactCurrentStyles@resource://devtools/client/inspector/shared/style-change-tracker.js:66:20
onMutations@resource://devtools/client/inspector/shared/style-change-tracker.js:84:41
_emit@resource://devtools/shared/event-emitter.js:226:34
emit@resource://devtools/shared/event-emitter.js:172:18
emit@resource://devtools/shared/event-emitter.js:324:18
getMutations@resource://devtools/client/fronts/walker.js:402:10


###!!! [Child][RunMessage] Error: Channel closing: too late to send/recv, messages will be lost

1589429968384	Marionette	INFO	Stopped listening on port 52991

###!!! [Child][RunMessage] Error: Channel closing: too late to send/recv, messages will be lost

1589464467523	mozrunner::runner	INFO	Running command: "C:\\Program Files\\Mozilla Firefox\\firefox.exe" "-marionette" "-foreground" "-no-remote" "-profile" "C:\\Users\\jw_wi\\AppData\\Local\\Temp\\rust_mozprofileti9TCd"
1589464472206	addons.webextension.doh-rollout@mozilla.org	WARN	Loading extension 'doh-rollout@mozilla.org': Reading manifest: Invalid extension permission: networkStatus
1589464474775	addons.webextension.screenshots@mozilla.org	WARN	Loading extension 'screenshots@mozilla.org': Reading manifest: Invalid extension permission: mozillaAddons
1589464474777	addons.webextension.screenshots@mozilla.org	WARN	Loading extension 'screenshots@mozilla.org': Reading manifest: Invalid extension permission: telemetry
1589464474777	addons.webextension.screenshots@mozilla.org	WARN	Loading extension 'screenshots@mozilla.org': Reading manifest: Invalid extension permission: resource://pdf.js/
1589464474778	addons.webextension.screenshots@mozilla.org	WARN	Loading extension 'screenshots@mozilla.org': Reading manifest: Invalid extension permission: about:reader*
JavaScript error: resource://gre/modules/XULStore.jsm, line 66: Error: Can't find profile directory.
1589464486083	Marionette	INFO	Listening on port 49759
1589464486500	Marionette	WARN	TLS certificate errors will be ignored for this session
JavaScript error: https://s.yimg.com/zz/combo?kx/yucs/uh3/uh/1078/js/uh-min.js&kx/yucs/uh3/uh/1078/js/gallery-jsonp-min.js&kx/yucs/uh3/uh/1134/js/menu_utils_v3-min.js&kx/yucs/uh3/uh/1078/js/localeDateFormat-min.js&kx/yucs/uh3/uh/1078/js/timestamp_library_v2-min.js&kx/yucs/uh3/uh/1104/js/logo_debug-min.js&kx/yucs/uh3/switch-theme/6/js/switch_theme-min.js&kx/eol/1/js/meta-min.js&kx/yucs/uh3/disclaimer/388/js/disclaimer_seed-min.js&kx/yucs/uh3/top-bar/321/js/top_bar_v3-min.js&kx/yucs/uh3/top-bar/321/js/persistent-min.js&kx/yucs/uh3/search/598/js/search-min.js&kx/yucs/uh3/help/83/js/help_menu_v3-min.js&kx/yucs/uhc/rapid/50/js/uh_rapid-min.js, line 1: TypeError: node is null
JavaScript error: https://br.answers.yahoo.com/, line 1713: TypeError: Y.YA is undefined
1589464655513	Marionette	INFO	Stopped listening on port 49759

###!!! [Child][RunMessage] Error: Channel closing: too late to send/recv, messages will be lost

1589464668896	mozrunner::runner	INFO	Running command: "C:\\Program Files\\Mozilla Firefox\\firefox.exe" "-marionette" "-foreground" "-no-remote" "-profile" "C:\\Users\\jw_wi\\AppData\\Local\\Temp\\rust_mozprofilexvtegY"
1589464673474	addons.webextension.doh-rollout@mozilla.org	WARN	Loading extension 'doh-rollout@mozilla.org': Reading manifest: Invalid extension permission: networkStatus
1589464675398	addons.webextension.screenshots@mozilla.org	WARN	Loading extension 'screenshots@mozilla.org': Reading manifest: Invalid extension permission: mozillaAddons
1589464675398	addons.webextension.screenshots@mozilla.org	WARN	Loading extension 'screenshots@mozilla.org': Reading manifest: Invalid extension permission: telemetry
1589464675399	addons.webextension.screenshots@mozilla.org	WARN	Loading extension 'screenshots@mozilla.org': Reading manifest: Invalid extension permission: resource://pdf.js/
1589464675399	addons.webextension.screenshots@mozilla.org	WARN	Loading extension 'screenshots@mozilla.org': Reading manifest: Invalid extension permission: about:reader*
JavaScript error: resource://gre/modules/XULStore.jsm, line 66: Error: Can't find profile directory.
1589464681771	Marionette	INFO	Listening on port 49981
1589464682283	Marionette	WARN	TLS certificate errors will be ignored for this session
JavaScript error: https://s.yimg.com/zz/combo?kx/yucs/uh3/uh/1078/js/uh-min.js&kx/yucs/uh3/uh/1078/js/gallery-jsonp-min.js&kx/yucs/uh3/uh/1134/js/menu_utils_v3-min.js&kx/yucs/uh3/uh/1078/js/localeDateFormat-min.js&kx/yucs/uh3/uh/1078/js/timestamp_library_v2-min.js&kx/yucs/uh3/uh/1104/js/logo_debug-min.js&kx/yucs/uh3/switch-theme/6/js/switch_theme-min.js&kx/eol/1/js/meta-min.js&kx/yucs/uh3/disclaimer/388/js/disclaimer_seed-min.js&kx/yucs/uh3/top-bar/321/js/top_bar_v3-min.js&kx/yucs/uh3/top-bar/321/js/persistent-min.js&kx/yucs/uh3/search/598/js/search-min.js&kx/yucs/uh3/help/83/js/help_menu_v3-min.js&kx/yucs/uhc/rapid/50/js/uh_rapid-min.js&kx/yucs/uh2/pixie/9/js/pixie_ssl-min.js, line 1: TypeError: node is null
1589465068966	Marionette	INFO	Stopped listening on port 49981
1589465117963	mozrunner::runner	INFO	Running command: "C:\\Program Files\\Mozilla Firefox\\firefox.exe" "-marionette" "-foreground" "-no-remote" "-profile" "C:\\Users\\jw_wi\\AppData\\Local\\Temp\\rust_mozprofileCDHzYo"
1589465120581	addons.webextension.doh-rollout@mozilla.org	WARN	Loading extension 'doh-rollout@mozilla.org': Reading manifest: Invalid extension permission: networkStatus
1589465122421	addons.webextension.screenshots@mozilla.org	WARN	Loading extension 'screenshots@mozilla.org': Reading manifest: Invalid extension permission: mozillaAddons
1589465122421	addons.webextension.screenshots@mozilla.org	WARN	Loading extension 'screenshots@mozilla.org': Reading manifest: Invalid extension permission: telemetry
1589465122422	addons.webextension.screenshots@mozilla.org	WARN	Loading extension 'screenshots@mozilla.org': Reading manifest: Invalid extension permission: resource://pdf.js/
1589465122422	addons.webextension.screenshots@mozilla.org	WARN	Loading extension 'screenshots@mozilla.org': Reading manifest: Invalid extension permission: about:reader*
JavaScript error: resource://gre/modules/XULStore.jsm, line 66: Error: Can't find profile directory.
1589465128861	Marionette	INFO	Listening on port 50187
1589465129169	Marionette	WARN	TLS certificate errors will be ignored for this session
JavaScript error: https://s.yimg.com/zz/combo?kx/yucs/uh3/uh/1078/js/uh-min.js&kx/yucs/uh3/uh/1078/js/gallery-jsonp-min.js&kx/yucs/uh3/uh/1134/js/menu_utils_v3-min.js&kx/yucs/uh3/uh/1078/js/localeDateFormat-min.js&kx/yucs/uh3/uh/1078/js/timestamp_library_v2-min.js&kx/yucs/uh3/uh/1104/js/logo_debug-min.js&kx/yucs/uh3/switch-theme/6/js/switch_theme-min.js&kx/eol/1/js/meta-min.js&kx/yucs/uh3/disclaimer/388/js/disclaimer_seed-min.js&kx/yucs/uh3/top-bar/321/js/top_bar_v3-min.js&kx/yucs/uh3/top-bar/321/js/persistent-min.js&kx/yucs/uh3/search/598/js/search-min.js&kx/yucs/uh3/help/83/js/help_menu_v3-min.js&kx/yucs/uhc/rapid/50/js/uh_rapid-min.js, line 1: TypeError: node is null
JavaScript error: https://br.answers.yahoo.com/, line 1709: TypeError: Y.YA is undefined
1589465495375	Marionette	INFO	Stopped listening on port 50187

###!!! [Child][RunMessage] Error: Channel closing: too late to send/recv, messages will be lost


###!!! [Child][MessageChannel::SendAndWait] Error: Channel error: cannot send/recv

1589465516500	mozrunner::runner	INFO	Running command: "C:\\Program Files\\Mozilla Firefox\\firefox.exe" "-marionette" "-foreground" "-no-remote" "-profile" "C:\\Users\\jw_wi\\AppData\\Local\\Temp\\rust_mozprofileNCFBWs"
1589465518873	addons.webextension.doh-rollout@mozilla.org	WARN	Loading extension 'doh-rollout@mozilla.org': Reading manifest: Invalid extension permission: networkStatus
1589465520702	addons.webextension.screenshots@mozilla.org	WARN	Loading extension 'screenshots@mozilla.org': Reading manifest: Invalid extension permission: mozillaAddons
1589465520702	addons.webextension.screenshots@mozilla.org	WARN	Loading extension 'screenshots@mozilla.org': Reading manifest: Invalid extension permission: telemetry
1589465520702	addons.webextension.screenshots@mozilla.org	WARN	Loading extension 'screenshots@mozilla.org': Reading manifest: Invalid extension permission: resource://pdf.js/
1589465520703	addons.webextension.screenshots@mozilla.org	WARN	Loading extension 'screenshots@mozilla.org': Reading manifest: Invalid extension permission: about:reader*
JavaScript error: resource://gre/modules/XULStore.jsm, line 66: Error: Can't find profile directory.
1589465526058	Marionette	INFO	Listening on port 50376
1589465526532	Marionette	WARN	TLS certificate errors will be ignored for this session
JavaScript error: https://s.yimg.com/zz/combo?kx/yucs/uh3/uh/1078/js/uh-min.js&kx/yucs/uh3/uh/1078/js/gallery-jsonp-min.js&kx/yucs/uh3/uh/1134/js/menu_utils_v3-min.js&kx/yucs/uh3/uh/1078/js/localeDateFormat-min.js&kx/yucs/uh3/uh/1078/js/timestamp_library_v2-min.js&kx/yucs/uh3/uh/1104/js/logo_debug-min.js&kx/yucs/uh3/switch-theme/6/js/switch_theme-min.js&kx/eol/1/js/meta-min.js&kx/yucs/uh3/disclaimer/388/js/disclaimer_seed-min.js&kx/yucs/uh3/top-bar/321/js/top_bar_v3-min.js&kx/yucs/uh3/top-bar/321/js/persistent-min.js&kx/yucs/uh3/search/598/js/search-min.js&kx/yucs/uh3/help/83/js/help_menu_v3-min.js&kx/yucs/uhc/rapid/50/js/uh_rapid-min.js, line 1: TypeError: node is null
JavaScript error: https://br.answers.yahoo.com/, line 1713: TypeError: Y.YA is undefined
1589465562683	Marionette	INFO	Stopped listening on port 50376

###!!! [Child][RunMessage] Error: Channel closing: too late to send/recv, messages will be lost

[Parent 4416, Gecko_IOThread] WARNING: pipe error: 232: file /builds/worker/checkouts/gecko/ipc/chromium/src/chrome/common/ipc_channel_win.cc, line 522
1589465709781	mozrunner::runner	INFO	Running command: "C:\\Program Files\\Mozilla Firefox\\firefox.exe" "-marionette" "-foreground" "-no-remote" "-profile" "C:\\Users\\jw_wi\\AppData\\Local\\Temp\\rust_mozprofileTi1ElZ"
1589465710792	addons.webextension.doh-rollout@mozilla.org	WARN	Loading extension 'doh-rollout@mozilla.org': Reading manifest: Invalid extension permission: networkStatus
1589465712591	addons.webextension.screenshots@mozilla.org	WARN	Loading extension 'screenshots@mozilla.org': Reading manifest: Invalid extension permission: mozillaAddons
1589465712592	addons.webextension.screenshots@mozilla.org	WARN	Loading extension 'screenshots@mozilla.org': Reading manifest: Invalid extension permission: telemetry
1589465712592	addons.webextension.screenshots@mozilla.org	WARN	Loading extension 'screenshots@mozilla.org': Reading manifest: Invalid extension permission: resource://pdf.js/
1589465712592	addons.webextension.screenshots@mozilla.org	WARN	Loading extension 'screenshots@mozilla.org': Reading manifest: Invalid extension permission: about:reader*
JavaScript error: resource://gre/modules/XULStore.jsm, line 66: Error: Can't find profile directory.
1589465718653	Marionette	INFO	Listening on port 50488
1589465718837	Marionette	WARN	TLS certificate errors will be ignored for this session
JavaScript error: https://s.yimg.com/zz/combo?kx/yucs/uh3/uh/1078/js/uh-min.js&kx/yucs/uh3/uh/1078/js/gallery-jsonp-min.js&kx/yucs/uh3/uh/1134/js/menu_utils_v3-min.js&kx/yucs/uh3/uh/1078/js/localeDateFormat-min.js&kx/yucs/uh3/uh/1078/js/timestamp_library_v2-min.js&kx/yucs/uh3/uh/1104/js/logo_debug-min.js&kx/yucs/uh3/switch-theme/6/js/switch_theme-min.js&kx/eol/1/js/meta-min.js&kx/yucs/uh3/disclaimer/388/js/disclaimer_seed-min.js&kx/yucs/uh3/top-bar/321/js/top_bar_v3-min.js&kx/yucs/uh3/top-bar/321/js/persistent-min.js&kx/yucs/uh3/search/598/js/search-min.js&kx/yucs/uh3/help/83/js/help_menu_v3-min.js&kx/yucs/uhc/rapid/50/js/uh_rapid-min.js, line 1: TypeError: node is null
JavaScript error: https://br.answers.yahoo.com/, line 1709: TypeError: Y.YA is undefined
1589465803704	Marionette	INFO	Stopped listening on port 50488

###!!! [Child][RunMessage] Error: Channel closing: too late to send/recv, messages will be lost


###!!! [Child][MessageChannel::SendAndWait] Error: Channel error: cannot send/recv

1589466310978	mozrunner::runner	INFO	Running command: "C:\\Program Files\\Mozilla Firefox\\firefox.exe" "-marionette" "-foreground" "-no-remote" "-profile" "C:\\Users\\jw_wi\\AppData\\Local\\Temp\\rust_mozprofilex2xart"
1589466314427	addons.webextension.doh-rollout@mozilla.org	WARN	Loading extension 'doh-rollout@mozilla.org': Reading manifest: Invalid extension permission: networkStatus
1589466316251	addons.webextension.screenshots@mozilla.org	WARN	Loading extension 'screenshots@mozilla.org': Reading manifest: Invalid extension permission: mozillaAddons
1589466316252	addons.webextension.screenshots@mozilla.org	WARN	Loading extension 'screenshots@mozilla.org': Reading manifest: Invalid extension permission: telemetry
1589466316254	addons.webextension.screenshots@mozilla.org	WARN	Loading extension 'screenshots@mozilla.org': Reading manifest: Invalid extension permission: resource://pdf.js/
1589466316255	addons.webextension.screenshots@mozilla.org	WARN	Loading extension 'screenshots@mozilla.org': Reading manifest: Invalid extension permission: about:reader*
JavaScript error: resource://gre/modules/XULStore.jsm, line 66: Error: Can't find profile directory.
1589466324219	Marionette	INFO	Listening on port 50818
1589466324329	Marionette	WARN	TLS certificate errors will be ignored for this session
JavaScript error: https://s.yimg.com/zz/combo?kx/yucs/uh3/uh/1078/js/uh-min.js&kx/yucs/uh3/uh/1078/js/gallery-jsonp-min.js&kx/yucs/uh3/uh/1134/js/menu_utils_v3-min.js&kx/yucs/uh3/uh/1078/js/localeDateFormat-min.js&kx/yucs/uh3/uh/1078/js/timestamp_library_v2-min.js&kx/yucs/uh3/uh/1104/js/logo_debug-min.js&kx/yucs/uh3/switch-theme/6/js/switch_theme-min.js&kx/eol/1/js/meta-min.js&kx/yucs/uh3/disclaimer/388/js/disclaimer_seed-min.js&kx/yucs/uh3/top-bar/321/js/top_bar_v3-min.js&kx/yucs/uh3/top-bar/321/js/persistent-min.js&kx/yucs/uh3/search/598/js/search-min.js&kx/yucs/uh3/help/83/js/help_menu_v3-min.js&kx/yucs/uhc/rapid/50/js/uh_rapid-min.js, line 1: TypeError: node is null
1589466377327	Marionette	INFO	Stopped listening on port 50818

###!!! [Child][RunMessage] Error: Channel closing: too late to send/recv, messages will be lost


###!!! [Child][MessageChannel::SendAndWait] Error: Channel error: cannot send/recv

1589466509932	mozrunner::runner	INFO	Running command: "C:\\Program Files\\Mozilla Firefox\\firefox.exe" "-marionette" "-foreground" "-no-remote" "-profile" "C:\\Users\\jw_wi\\AppData\\Local\\Temp\\rust_mozprofilelFUV9f"
1589466512512	addons.webextension.doh-rollout@mozilla.org	WARN	Loading extension 'doh-rollout@mozilla.org': Reading manifest: Invalid extension permission: networkStatus
1589466514240	addons.webextension.screenshots@mozilla.org	WARN	Loading extension 'screenshots@mozilla.org': Reading manifest: Invalid extension permission: mozillaAddons
1589466514240	addons.webextension.screenshots@mozilla.org	WARN	Loading extension 'screenshots@mozilla.org': Reading manifest: Invalid extension permission: telemetry
1589466514241	addons.webextension.screenshots@mozilla.org	WARN	Loading extension 'screenshots@mozilla.org': Reading manifest: Invalid extension permission: resource://pdf.js/
1589466514241	addons.webextension.screenshots@mozilla.org	WARN	Loading extension 'screenshots@mozilla.org': Reading manifest: Invalid extension permission: about:reader*
JavaScript error: resource://gre/modules/XULStore.jsm, line 66: Error: Can't find profile directory.
1589466520420	Marionette	INFO	Listening on port 50944
1589466520512	Marionette	WARN	TLS certificate errors will be ignored for this session
JavaScript error: https://s.yimg.com/zz/combo?kx/yucs/uh3/uh/1078/js/uh-min.js&kx/yucs/uh3/uh/1078/js/gallery-jsonp-min.js&kx/yucs/uh3/uh/1134/js/menu_utils_v3-min.js&kx/yucs/uh3/uh/1078/js/localeDateFormat-min.js&kx/yucs/uh3/uh/1078/js/timestamp_library_v2-min.js&kx/yucs/uh3/uh/1104/js/logo_debug-min.js&kx/yucs/uh3/switch-theme/6/js/switch_theme-min.js&kx/eol/1/js/meta-min.js&kx/yucs/uh3/disclaimer/388/js/disclaimer_seed-min.js&kx/yucs/uh3/top-bar/321/js/top_bar_v3-min.js&kx/yucs/uh3/top-bar/321/js/persistent-min.js&kx/yucs/uh3/search/598/js/search-min.js&kx/yucs/uh3/help/83/js/help_menu_v3-min.js&kx/yucs/uhc/rapid/50/js/uh_rapid-min.js, line 1: TypeError: node is null
JavaScript error: https://br.answers.yahoo.com/, line 1709: TypeError: Y.YA is undefined
[Parent 6672, Gecko_IOThread] WARNING: file /builds/worker/checkouts/gecko/ipc/chromium/src/base/process_util_win.cc, line 166
1589467447120	Marionette	INFO	Stopped listening on port 50944
1589467671018	mozrunner::runner	INFO	Running command: "C:\\Program Files\\Mozilla Firefox\\firefox.exe" "-marionette" "-foreground" "-no-remote" "-profile" "C:\\Users\\jw_wi\\AppData\\Local\\Temp\\rust_mozprofileW6QVyO"
1589467674018	addons.webextension.doh-rollout@mozilla.org	WARN	Loading extension 'doh-rollout@mozilla.org': Reading manifest: Invalid extension permission: networkStatus
1589467675815	addons.webextension.screenshots@mozilla.org	WARN	Loading extension 'screenshots@mozilla.org': Reading manifest: Invalid extension permission: mozillaAddons
1589467675815	addons.webextension.screenshots@mozilla.org	WARN	Loading extension 'screenshots@mozilla.org': Reading manifest: Invalid extension permission: telemetry
1589467675815	addons.webextension.screenshots@mozilla.org	WARN	Loading extension 'screenshots@mozilla.org': Reading manifest: Invalid extension permission: resource://pdf.js/
1589467675816	addons.webextension.screenshots@mozilla.org	WARN	Loading extension 'screenshots@mozilla.org': Reading manifest: Invalid extension permission: about:reader*
JavaScript error: resource://gre/modules/XULStore.jsm, line 66: Error: Can't find profile directory.
1589467682804	Marionette	INFO	Listening on port 52240
1589467683264	Marionette	WARN	TLS certificate errors will be ignored for this session
JavaScript error: https://s.yimg.com/zz/combo?kx/yucs/uh3/uh/1078/js/uh-min.js&kx/yucs/uh3/uh/1078/js/gallery-jsonp-min.js&kx/yucs/uh3/uh/1134/js/menu_utils_v3-min.js&kx/yucs/uh3/uh/1078/js/localeDateFormat-min.js&kx/yucs/uh3/uh/1078/js/timestamp_library_v2-min.js&kx/yucs/uh3/uh/1104/js/logo_debug-min.js&kx/yucs/uh3/switch-theme/6/js/switch_theme-min.js&kx/eol/1/js/meta-min.js&kx/yucs/uh3/disclaimer/388/js/disclaimer_seed-min.js&kx/yucs/uh3/top-bar/321/js/top_bar_v3-min.js&kx/yucs/uh3/top-bar/321/js/persistent-min.js&kx/yucs/uh3/search/598/js/search-min.js&kx/yucs/uh3/help/83/js/help_menu_v3-min.js&kx/yucs/uhc/rapid/50/js/uh_rapid-min.js, line 1: TypeError: node is null
1589468324441	Marionette	INFO	Stopped listening on port 52240

###!!! [Child][RunMessage] Error: Channel closing: too late to send/recv, messages will be lost

1589468368948	mozrunner::runner	INFO	Running command: "C:\\Program Files\\Mozilla Firefox\\firefox.exe" "-marionette" "-foreground" "-no-remote" "-profile" "C:\\Users\\jw_wi\\AppData\\Local\\Temp\\rust_mozprofilemItpM4"
1589468371437	addons.webextension.doh-rollout@mozilla.org	WARN	Loading extension 'doh-rollout@mozilla.org': Reading manifest: Invalid extension permission: networkStatus
1589468373160	addons.webextension.screenshots@mozilla.org	WARN	Loading extension 'screenshots@mozilla.org': Reading manifest: Invalid extension permission: mozillaAddons
1589468373161	addons.webextension.screenshots@mozilla.org	WARN	Loading extension 'screenshots@mozilla.org': Reading manifest: Invalid extension permission: telemetry
1589468373161	addons.webextension.screenshots@mozilla.org	WARN	Loading extension 'screenshots@mozilla.org': Reading manifest: Invalid extension permission: resource://pdf.js/
1589468373161	addons.webextension.screenshots@mozilla.org	WARN	Loading extension 'screenshots@mozilla.org': Reading manifest: Invalid extension permission: about:reader*
JavaScript error: resource://gre/modules/XULStore.jsm, line 66: Error: Can't find profile directory.
1589468378695	Marionette	INFO	Listening on port 52031
1589468379063	Marionette	WARN	TLS certificate errors will be ignored for this session
JavaScript error: https://s.yimg.com/zz/combo?kx/yucs/uh3/uh/1078/js/uh-min.js&kx/yucs/uh3/uh/1078/js/gallery-jsonp-min.js&kx/yucs/uh3/uh/1134/js/menu_utils_v3-min.js&kx/yucs/uh3/uh/1078/js/localeDateFormat-min.js&kx/yucs/uh3/uh/1078/js/timestamp_library_v2-min.js&kx/yucs/uh3/uh/1104/js/logo_debug-min.js&kx/yucs/uh3/switch-theme/6/js/switch_theme-min.js&kx/eol/1/js/meta-min.js&kx/yucs/uh3/disclaimer/388/js/disclaimer_seed-min.js&kx/yucs/uh3/top-bar/321/js/top_bar_v3-min.js&kx/yucs/uh3/top-bar/321/js/persistent-min.js&kx/yucs/uh3/search/598/js/search-min.js&kx/yucs/uh3/help/83/js/help_menu_v3-min.js&kx/yucs/uhc/rapid/50/js/uh_rapid-min.js, line 1: TypeError: node is null
JavaScript error: https://br.answers.yahoo.com/, line 1713: TypeError: Y.YA is undefined
1589468463974	Marionette	INFO	Stopped listening on port 52031

###!!! [Child][RunMessage] Error: Channel closing: too late to send/recv, messages will be lost

1589468521142	mozrunner::runner	INFO	Running command: "C:\\Program Files\\Mozilla Firefox\\firefox.exe" "-marionette" "-foreground" "-no-remote" "-profile" "C:\\Users\\jw_wi\\AppData\\Local\\Temp\\rust_mozprofileFQ4fHn"
1589468522235	addons.webextension.doh-rollout@mozilla.org	WARN	Loading extension 'doh-rollout@mozilla.org': Reading manifest: Invalid extension permission: networkStatus
1589468524204	addons.webextension.screenshots@mozilla.org	WARN	Loading extension 'screenshots@mozilla.org': Reading manifest: Invalid extension permission: mozillaAddons
1589468524204	addons.webextension.screenshots@mozilla.org	WARN	Loading extension 'screenshots@mozilla.org': Reading manifest: Invalid extension permission: telemetry
1589468524205	addons.webextension.screenshots@mozilla.org	WARN	Loading extension 'screenshots@mozilla.org': Reading manifest: Invalid extension permission: resource://pdf.js/
1589468524205	addons.webextension.screenshots@mozilla.org	WARN	Loading extension 'screenshots@mozilla.org': Reading manifest: Invalid extension permission: about:reader*
JavaScript error: resource://gre/modules/XULStore.jsm, line 66: Error: Can't find profile directory.
1589468529528	Marionette	INFO	Listening on port 52227
1589468529650	Marionette	WARN	TLS certificate errors will be ignored for this session
JavaScript error: https://s.yimg.com/zz/combo?kx/yucs/uh3/uh/1078/js/uh-min.js&kx/yucs/uh3/uh/1078/js/gallery-jsonp-min.js&kx/yucs/uh3/uh/1134/js/menu_utils_v3-min.js&kx/yucs/uh3/uh/1078/js/localeDateFormat-min.js&kx/yucs/uh3/uh/1078/js/timestamp_library_v2-min.js&kx/yucs/uh3/uh/1104/js/logo_debug-min.js&kx/yucs/uh3/switch-theme/6/js/switch_theme-min.js&kx/eol/1/js/meta-min.js&kx/yucs/uh3/disclaimer/388/js/disclaimer_seed-min.js&kx/yucs/uh3/top-bar/321/js/top_bar_v3-min.js&kx/yucs/uh3/top-bar/321/js/persistent-min.js&kx/yucs/uh3/search/598/js/search-min.js&kx/yucs/uh3/help/83/js/help_menu_v3-min.js&kx/yucs/uhc/rapid/50/js/uh_rapid-min.js, line 1: TypeError: node is null
1589468541370	Marionette	INFO	Stopped listening on port 52227

###!!! [Child][RunMessage] Error: Channel closing: too late to send/recv, messages will be lost


###!!! [Child][MessageChannel::SendAndWait] Error: Channel error: cannot send/recv

